<?xml version="1.0" encoding="UTF-8"?>
<testsuite xmlns:xsi="http://www.w3.org/2001/XMLSchema-instance" xsi:noNamespaceSchemaLocation="https://maven.apache.org/surefire/maven-surefire-plugin/xsd/surefire-test-report.xsd" name="project1.jcscheufele.dbs2_d22.cs.wpi.java.BufferPoolTest" time="0.001" tests="4" errors="0" skipped="0" failures="0">
  <properties>
    <property name="java.specification.version" value="17"/>
    <property name="sun.cpu.isalist" value="amd64"/>
    <property name="sun.jnu.encoding" value="Cp1252"/>
    <property name="java.class.path" value="d:\Documents_1\WPI\Computer Science\Database Systems 2\HW1\project1_joseph_scheufele\target\test-classes;d:\Documents_1\WPI\Computer Science\Database Systems 2\HW1\project1_joseph_scheufele\target\classes;C:\Users\jcsch\.m2\repository\junit\junit\4.11\junit-4.11.jar;C:\Users\jcsch\.m2\repository\org\hamcrest\hamcrest-core\1.3\hamcrest-core-1.3.jar;"/>
    <property name="java.vm.vendor" value="Eclipse Adoptium"/>
    <property name="sun.arch.data.model" value="64"/>
    <property name="user.variant" value=""/>
    <property name="java.vendor.url" value="https://adoptium.net/"/>
    <property name="user.timezone" value="America/New_York"/>
    <property name="os.name" value="Windows 11"/>
    <property name="java.vm.specification.version" value="17"/>
    <property name="sun.java.launcher" value="SUN_STANDARD"/>
    <property name="user.country" value="US"/>
    <property name="sun.boot.library.path" value="C:\Program Files\Eclipse Adoptium\jdk-17.0.2.8-hotspot\bin"/>
    <property name="sun.java.command" value="C:\Users\jcsch\AppData\Local\Temp\surefire5105160575861127078\surefirebooter11587228746257719453.jar C:\Users\jcsch\AppData\Local\Temp\surefire5105160575861127078 2022-03-31T23-04-45_546-jvmRun1 surefire3190029796510378425tmp surefire_05687235318508099200tmp"/>
    <property name="jdk.debug" value="release"/>
    <property name="surefire.test.class.path" value="d:\Documents_1\WPI\Computer Science\Database Systems 2\HW1\project1_joseph_scheufele\target\test-classes;d:\Documents_1\WPI\Computer Science\Database Systems 2\HW1\project1_joseph_scheufele\target\classes;C:\Users\jcsch\.m2\repository\junit\junit\4.11\junit-4.11.jar;C:\Users\jcsch\.m2\repository\org\hamcrest\hamcrest-core\1.3\hamcrest-core-1.3.jar;"/>
    <property name="sun.cpu.endian" value="little"/>
    <property name="user.home" value="C:\Users\jcsch"/>
    <property name="user.language" value="en"/>
    <property name="java.specification.vendor" value="Oracle Corporation"/>
    <property name="java.version.date" value="2022-01-18"/>
    <property name="java.home" value="C:\Program Files\Eclipse Adoptium\jdk-17.0.2.8-hotspot"/>
    <property name="file.separator" value="\"/>
    <property name="basedir" value="d:\Documents_1\WPI\Computer Science\Database Systems 2\HW1\project1_joseph_scheufele"/>
    <property name="java.vm.compressedOopsMode" value="Zero based"/>
    <property name="line.separator" value="&#10;"/>
    <property name="java.vm.specification.vendor" value="Oracle Corporation"/>
    <property name="java.specification.name" value="Java Platform API Specification"/>
    <property name="surefire.real.class.path" value="C:\Users\jcsch\AppData\Local\Temp\surefire5105160575861127078\surefirebooter11587228746257719453.jar"/>
    <property name="user.script" value=""/>
    <property name="sun.management.compiler" value="HotSpot 64-Bit Tiered Compilers"/>
    <property name="java.runtime.version" value="17.0.2+8"/>
    <property name="user.name" value="jcsch"/>
    <property name="path.separator" value=";"/>
    <property name="os.version" value="10.0"/>
    <property name="java.runtime.name" value="OpenJDK Runtime Environment"/>
    <property name="file.encoding" value="Cp1252"/>
    <property name="java.vm.name" value="OpenJDK 64-Bit Server VM"/>
    <property name="java.vendor.version" value="Temurin-17.0.2+8"/>
    <property name="localRepository" value="C:\Users\jcsch\.m2\repository"/>
    <property name="java.vendor.url.bug" value="https://github.com/adoptium/adoptium-support/issues"/>
    <property name="java.io.tmpdir" value="C:\Users\jcsch\AppData\Local\Temp\"/>
    <property name="java.version" value="17.0.2"/>
    <property name="user.dir" value="d:\Documents_1\WPI\Computer Science\Database Systems 2\HW1\project1_joseph_scheufele"/>
    <property name="os.arch" value="amd64"/>
    <property name="java.vm.specification.name" value="Java Virtual Machine Specification"/>
    <property name="sun.os.patch.level" value=""/>
    <property name="native.encoding" value="Cp1252"/>
    <property name="java.library.path" value="C:\Program Files\Eclipse Adoptium\jdk-17.0.2.8-hotspot\bin;C:\WINDOWS\Sun\Java\bin;C:\WINDOWS\system32;C:\WINDOWS;C:\Users\jcsch\anaconda3;C:\Users\jcsch\anaconda3\Library\mingw-w64\bin;C:\Users\jcsch\anaconda3\Library\usr\bin;C:\Users\jcsch\anaconda3\Library\bin;C:\Users\jcsch\anaconda3\Scripts;C:\Users\jcsch\anaconda3\bin;C:\Users\jcsch\anaconda3\condabin;C:\Program Files\Eclipse Adoptium\jdk-17.0.2.8-hotspot\bin;C:\Windows\system32;C:\Windows;C:\Windows\System32\Wbem;C:\Windows\System32\WindowsPowerShell\v1.0;C:\Windows\System32\OpenSSH;C:\Program Files (x86)\NVIDIA Corporation\PhysX\Common;C:\Program Files\NVIDIA Corporation\NVIDIA NvDLISR;C:\Program Files\nodejs;C:\Program Files\Git\cmd;C:\Users\jcsch\anaconda3\Scripts;C:\Program Files\MATLAB\R2021b\bin;.;C:\WINDOWS\system32;C:\WINDOWS;C:\WINDOWS\System32\Wbem;C:\WINDOWS\System32\WindowsPowerShell\v1.0;C:\WINDOWS\System32\OpenSSH;C:\Users\jcsch\AppData\Local\Microsoft\WindowsApps;C:\Users\jcsch\AppData\Roaming\npm;C:\Users\jcsch\AppData\Local\Programs\Microsoft VS Code\bin;C:\Program Files (x86)\GitHub CLI;D:\Downloads_1\Vivaldi\FFmpeg\bin;C:\Users\jcsch\AppData\Local\Programs\MiKTeX\miktex\bin\x64;."/>
    <property name="java.vm.info" value="mixed mode, sharing"/>
    <property name="java.vendor" value="Eclipse Adoptium"/>
    <property name="java.vm.version" value="17.0.2+8"/>
    <property name="sun.io.unicode.encoding" value="UnicodeLittle"/>
    <property name="java.class.version" value="61.0"/>
  </properties>
  <testcase name="testcalcBlockIDfromRecordID" classname="project1.jcscheufele.dbs2_d22.cs.wpi.java.BufferPoolTest" time="0"/>
  <testcase name="shouldAnswerWithTrue" classname="project1.jcscheufele.dbs2_d22.cs.wpi.java.BufferPoolTest" time="0"/>
  <testcase name="testBufferPoolInit" classname="project1.jcscheufele.dbs2_d22.cs.wpi.java.BufferPoolTest" time="0"/>
  <testcase name="testLoadFromDisk" classname="project1.jcscheufele.dbs2_d22.cs.wpi.java.BufferPoolTest" time="0"/>
</testsuite>